[2013-08-12 21:22:10] request.INFO: Matched route "validacion_ipn" (parameters: "_controller": "Orderly\PayPalIpnBundle\Controller\VerificationController::indexAction", "_locale": "es", "_route": "validacion_ipn") [] []
[2013-08-12 21:22:10] security.INFO: Populated SecurityContext with an anonymous Token [] []
[2013-08-12 21:22:10] security.INFO: No expression found; abstaining from voting. [] []
[2013-08-12 21:22:10] app.CRITICAL: No se ha enviado el correo para , despues del pago [] []
[2013-08-12 21:26:06] request.INFO: Matched route "validacion_ipn" (parameters: "_controller": "Orderly\PayPalIpnBundle\Controller\VerificationController::indexAction", "_locale": "es", "_route": "validacion_ipn") [] []
[2013-08-12 21:26:06] security.INFO: Populated SecurityContext with an anonymous Token [] []
[2013-08-12 21:26:06] security.INFO: No expression found; abstaining from voting. [] []
[2013-08-12 21:26:06] app.CRITICAL: No se ha enviado el correo para , despues del pago [] []
[2013-08-12 21:26:29] request.INFO: Matched route "validacion_ipn" (parameters: "_controller": "Orderly\PayPalIpnBundle\Controller\VerificationController::indexAction", "_locale": "es", "_route": "validacion_ipn") [] []
[2013-08-12 21:26:29] security.INFO: Populated SecurityContext with an anonymous Token [] []
[2013-08-12 21:26:29] security.INFO: No expression found; abstaining from voting. [] []
[2013-08-12 21:26:29] app.CRITICAL: No se ha enviado el correo para , despues del pago [] []
[2013-08-12 21:26:29] app.INFO: all parametters GET Array
(
)
 [] []
[2013-08-12 21:26:29] app.INFO: all parametters POST Array
(
)
 [] []
[2013-08-12 21:26:29] security.DEBUG: Write SecurityContext in the session [] []
[2013-08-12 21:26:54] request.INFO: Matched route "validacion_ipn" (parameters: "_controller": "Orderly\PayPalIpnBundle\Controller\VerificationController::indexAction", "_locale": "es", "_route": "validacion_ipn") [] []
[2013-08-12 21:26:54] security.INFO: Populated SecurityContext with an anonymous Token [] []
[2013-08-12 21:26:54] security.INFO: No expression found; abstaining from voting. [] []
[2013-08-12 21:26:54] app.CRITICAL: No se ha enviado el correo para , despues del pago [] []
[2013-08-12 21:26:54] app.INFO: all parametters GET Array
(
)
 [] []
[2013-08-12 21:26:54] app.INFO: all parametters POST Array
(
)
 [] []
[2013-08-12 21:26:54] security.DEBUG: Write SecurityContext in the session [] []
[2013-08-12 21:28:03] request.INFO: Matched route "validacion_ipn" (parameters: "_controller": "Orderly\PayPalIpnBundle\Controller\VerificationController::indexAction", "_locale": "es", "_route": "validacion_ipn") [] []
[2013-08-12 21:28:03] security.INFO: Populated SecurityContext with an anonymous Token [] []
[2013-08-12 21:28:03] security.INFO: No expression found; abstaining from voting. [] []
[2013-08-12 21:28:03] app.CRITICAL: No se ha enviado el correo para , despues del pago [] []
[2013-08-12 21:28:03] app.INFO: all parametters GET Array
(
)
 [] []
[2013-08-12 21:28:03] app.INFO: all parametters POST Array
(
)
 [] []
[2013-08-12 21:28:03] security.DEBUG: Write SecurityContext in the session [] []
[2013-08-12 21:30:29] request.INFO: Matched route "validacion_ipn" (parameters: "_controller": "Orderly\PayPalIpnBundle\Controller\VerificationController::indexAction", "_locale": "es", "_route": "validacion_ipn") [] []
[2013-08-12 21:30:29] security.INFO: Populated SecurityContext with an anonymous Token [] []
[2013-08-12 21:30:29] security.INFO: No expression found; abstaining from voting. [] []
[2013-08-12 21:30:29] app.CRITICAL: No se ha enviado el correo para , despues del pago [] []
[2013-08-12 21:30:29] app.INFO: all parametters GET Array
(
)
 [] []
[2013-08-12 21:30:29] app.INFO: all parametters POST Array
(
)
 [] []
[2013-08-12 21:30:29] security.DEBUG: Write SecurityContext in the session [] []
[2013-08-12 21:35:00] request.ERROR: Uncaught PHP Exception Symfony\Component\HttpKernel\Exception\NotFoundHttpException: "No route found for "GET /asd"" at C:\xampp\htdocs\lol\app\cache\prod\classes.php line 1880 {"exception":"[object] (Symfony\\Component\\HttpKernel\\Exception\\NotFoundHttpException: No route found for \"GET /asd\" at C:\\xampp\\htdocs\\lol\\app\\cache\\prod\\classes.php:1880, Symfony\\Component\\Routing\\Exception\\ResourceNotFoundException:  at C:\\xampp\\htdocs\\lol\\app\\cache\\prod\\classes.php:1294)"} []
[2013-08-12 22:25:21] request.INFO: Matched route "contacto_en" (parameters: "_locale": "en", "_controller": "MGD\BasicBundle\Controller\ContactoController::indexAction", "_route": "contacto_en") [] []
[2013-08-12 22:25:21] security.INFO: Populated SecurityContext with an anonymous Token [] []
[2013-08-12 22:25:21] security.INFO: No expression found; abstaining from voting. [] []
[2013-08-12 22:25:22] request.CRITICAL: Uncaught PHP Exception Twig_Error_Syntax: "Unexpected tag name "endblock" (expecting closing tag for the "if" tag defined near line 90) in "C:\xampp\htdocs\lol\src\MGD\BasicBundle/Resources/views/layout.html.twig" at line 102" at C:\xampp\htdocs\lol\vendor\twig\twig\lib\Twig\Parser.php line 178 {"exception":"[object] (Twig_Error_Syntax: Unexpected tag name \"endblock\" (expecting closing tag for the \"if\" tag defined near line 90) in \"C:\\xampp\\htdocs\\lol\\src\\MGD\\BasicBundle/Resources/views/layout.html.twig\" at line 102 at C:\\xampp\\htdocs\\lol\\vendor\\twig\\twig\\lib\\Twig\\Parser.php:178)"} []
[2013-08-12 22:25:22] request.CRITICAL: Exception thrown when handling an exception (Twig_Error_Syntax: Unexpected tag name "endblock" (expecting closing tag for the "if" tag defined near line 90) in "MGDBasicBundle::layout.html.twig" at line 102) {"exception":"[object] (Twig_Error_Syntax: Unexpected tag name \"endblock\" (expecting closing tag for the \"if\" tag defined near line 90) in \"C:\\xampp\\htdocs\\lol\\src\\MGD\\BasicBundle/Resources/views/layout.html.twig\" at line 102 at C:\\xampp\\htdocs\\lol\\vendor\\twig\\twig\\lib\\Twig\\Parser.php:178)"} []
